ISim log file
Running: D:\UCR\2019 Spring\CS161L\Lab3\datapath\lab03_tb_isim_beh.exe -intstyle ise -gui -tclbatch isim.cmd -wdb D:/UCR/2019 Spring/CS161L/Lab3/datapath/lab03_tb_isim_beh.wdb 
ISim P.20131013 (signature 0x7708f090)
WARNING: A WEBPACK license was found.
WARNING: Please use Xilinx License Configuration Manager to check out a full ISim license.
WARNING: ISim will run in Lite mode. Please refer to the ISim documentation for more information on the differences between the Lite and the Full version.
This is a Lite version of ISim.
Time resolution is 1 ps
# onerror resume
# wave add /
# run 1000 ns
Simulator is doing circuit initialization process.
Finished circuit initialization process.
TC1 Load Word  
TC2 Load Word 2 
TC3 Store Word  
TC4 Store Word  
TC5 Branch Equal 
# run 1.70us
TC6 R-type add 
TC8 R-type sub 
TC9 R-type slt 
TC10 R-type AND 
TC11 R-type OR 
TC12 R-type NOR 
TC13 addi 
