Command line:
   SPFPAdder_tb_isim_beh.exe
     -simmode  gui
     -simrunnum  0
     -socket  50818

Sat Jun 15 16:41:48 2019


 Elaboration Time: 0.03125 sec

 Current Memory Usage: 845.89 Meg

 Total Signals          : 24
 Total Nets             : 179
 Total Signal Drivers   : 14
 Total Blocks           : 3
 Total Primitive Blocks : 2
 Total Processes        : 19
 Total Traceable Variables  : 40
 Total Scalar Nets and Variables : 577
Total Line Count : 112

 Total Simulation Time: 0.03125 sec

 Current Memory Usage: 845.89 Meg

Sat Jun 15 16:41:52 2019

