--------------------------------------------------------------------------------
Release 14.7 Trace  (nt64)
Copyright (c) 1995-2013 Xilinx, Inc.  All rights reserved.

C:\Xilinx\14.7\ISE_DS\ISE\bin\nt64\unwrapped\trce.exe -intstyle ise -v 3 -s 5
-n 3 -fastpaths -xml CAM_Wrapper.twx CAM_Wrapper.ncd -o CAM_Wrapper.twr
CAM_Wrapper.pcf

Design file:              CAM_Wrapper.ncd
Physical constraint file: CAM_Wrapper.pcf
Device,package,speed:     xc3s100e,cp132,-5 (PRODUCTION 1.27 2013-10-13)
Report level:             verbose report

Environment Variable      Effect 
--------------------      ------ 
NONE                      No environment variables were set
--------------------------------------------------------------------------------

INFO:Timing:2698 - No timing constraints found, doing default enumeration.
INFO:Timing:3412 - To improve timing, see the Timing Closure User Guide (UG612).
INFO:Timing:2752 - To get complete path coverage, use the unconstrained paths 
   option. All paths that are not constrained will be reported in the 
   unconstrained paths section(s) of the report.
INFO:Timing:3339 - The clock-to-out numbers in this timing report are based on 
   a 50 Ohm transmission line loading model.  For the details of this model, 
   and for more information on accounting for different loading conditions, 
   please see the device datasheet.
INFO:Timing:3390 - This architecture does not support a default System Jitter 
   value, please add SYSTEM_JITTER constraint to the UCF to modify the Clock 
   Uncertainty calculation.
INFO:Timing:3389 - This architecture does not support 'Discrete Jitter' and 
   'Phase Error' calculations, these terms will be zero in the Clock 
   Uncertainty calculation.  Please make appropriate modification to 
   SYSTEM_JITTER to account for the unsupported Discrete Jitter and Phase 
   Error.



Data Sheet report:
-----------------
All values displayed in nanoseconds (ns)

Setup/Hold to clock we_decoded_row_address<0>
--------------+------------+------------+------------------------------+--------+
              |Max Setup to|Max Hold to |                              | Clock  |
Source        | clk (edge) | clk (edge) |Internal Clock(s)             | Phase  |
--------------+------------+------------+------------------------------+--------+
search_word<0>|    0.586(F)|    0.624(F)|we_decoded_row_address_0_BUFGP|   0.000|
search_word<1>|    0.395(F)|    0.778(F)|we_decoded_row_address_0_BUFGP|   0.000|
search_word<2>|    0.779(F)|    0.472(F)|we_decoded_row_address_0_BUFGP|   0.000|
search_word<3>|    0.256(F)|    0.889(F)|we_decoded_row_address_0_BUFGP|   0.000|
search_word<4>|    0.226(F)|    0.911(F)|we_decoded_row_address_0_BUFGP|   0.000|
search_word<5>|    0.832(F)|    0.427(F)|we_decoded_row_address_0_BUFGP|   0.000|
search_word<6>|    1.190(F)|    0.141(F)|we_decoded_row_address_0_BUFGP|   0.000|
search_word<7>|    0.506(F)|    0.687(F)|we_decoded_row_address_0_BUFGP|   0.000|
--------------+------------+------------+------------------------------+--------+

Setup/Hold to clock we_decoded_row_address<1>
--------------+------------+------------+------------------------------+--------+
              |Max Setup to|Max Hold to |                              | Clock  |
Source        | clk (edge) | clk (edge) |Internal Clock(s)             | Phase  |
--------------+------------+------------+------------------------------+--------+
search_word<0>|    1.311(F)|    0.044(F)|we_decoded_row_address_1_BUFGP|   0.000|
search_word<1>|   -0.074(F)|    1.154(F)|we_decoded_row_address_1_BUFGP|   0.000|
search_word<2>|    0.355(F)|    0.809(F)|we_decoded_row_address_1_BUFGP|   0.000|
search_word<3>|    0.539(F)|    0.662(F)|we_decoded_row_address_1_BUFGP|   0.000|
search_word<4>|    0.832(F)|    0.427(F)|we_decoded_row_address_1_BUFGP|   0.000|
search_word<5>|    0.755(F)|    0.491(F)|we_decoded_row_address_1_BUFGP|   0.000|
search_word<6>|    0.860(F)|    0.407(F)|we_decoded_row_address_1_BUFGP|   0.000|
search_word<7>|    0.937(F)|    0.344(F)|we_decoded_row_address_1_BUFGP|   0.000|
--------------+------------+------------+------------------------------+--------+

Setup/Hold to clock we_decoded_row_address<2>
--------------+------------+------------+------------------------------+--------+
              |Max Setup to|Max Hold to |                              | Clock  |
Source        | clk (edge) | clk (edge) |Internal Clock(s)             | Phase  |
--------------+------------+------------+------------------------------+--------+
search_word<0>|    0.746(F)|    0.495(F)|we_decoded_row_address_2_BUFGP|   0.000|
search_word<1>|    0.397(F)|    0.772(F)|we_decoded_row_address_2_BUFGP|   0.000|
search_word<2>|    0.222(F)|    0.913(F)|we_decoded_row_address_2_BUFGP|   0.000|
search_word<3>|    0.913(F)|    0.362(F)|we_decoded_row_address_2_BUFGP|   0.000|
search_word<4>|    0.678(F)|    0.549(F)|we_decoded_row_address_2_BUFGP|   0.000|
search_word<5>|    0.763(F)|    0.482(F)|we_decoded_row_address_2_BUFGP|   0.000|
search_word<6>|    1.015(F)|    0.280(F)|we_decoded_row_address_2_BUFGP|   0.000|
search_word<7>|    0.514(F)|    0.679(F)|we_decoded_row_address_2_BUFGP|   0.000|
--------------+------------+------------+------------------------------+--------+

Setup/Hold to clock we_decoded_row_address<3>
--------------+------------+------------+------------------------------+--------+
              |Max Setup to|Max Hold to |                              | Clock  |
Source        | clk (edge) | clk (edge) |Internal Clock(s)             | Phase  |
--------------+------------+------------+------------------------------+--------+
search_word<0>|    0.800(F)|    0.452(F)|we_decoded_row_address_3_BUFGP|   0.000|
search_word<1>|    0.383(F)|    0.784(F)|we_decoded_row_address_3_BUFGP|   0.000|
search_word<2>|   -0.089(F)|    1.161(F)|we_decoded_row_address_3_BUFGP|   0.000|
search_word<3>|    0.700(F)|    0.532(F)|we_decoded_row_address_3_BUFGP|   0.000|
search_word<4>|    1.190(F)|    0.139(F)|we_decoded_row_address_3_BUFGP|   0.000|
search_word<5>|    0.323(F)|    0.832(F)|we_decoded_row_address_3_BUFGP|   0.000|
search_word<6>|    0.797(F)|    0.454(F)|we_decoded_row_address_3_BUFGP|   0.000|
search_word<7>|    1.271(F)|    0.075(F)|we_decoded_row_address_3_BUFGP|   0.000|
--------------+------------+------------+------------------------------+--------+

Setup/Hold to clock we_decoded_row_address<4>
--------------+------------+------------+------------------------------+--------+
              |Max Setup to|Max Hold to |                              | Clock  |
Source        | clk (edge) | clk (edge) |Internal Clock(s)             | Phase  |
--------------+------------+------------+------------------------------+--------+
search_word<0>|    0.987(F)|    0.303(F)|we_decoded_row_address_4_BUFGP|   0.000|
search_word<1>|    1.629(F)|   -0.210(F)|we_decoded_row_address_4_BUFGP|   0.000|
search_word<2>|    0.949(F)|    0.334(F)|we_decoded_row_address_4_BUFGP|   0.000|
search_word<3>|    0.236(F)|    0.903(F)|we_decoded_row_address_4_BUFGP|   0.000|
search_word<4>|    1.803(F)|   -0.350(F)|we_decoded_row_address_4_BUFGP|   0.000|
search_word<5>|    0.306(F)|    0.847(F)|we_decoded_row_address_4_BUFGP|   0.000|
search_word<6>|    0.482(F)|    0.707(F)|we_decoded_row_address_4_BUFGP|   0.000|
search_word<7>|    0.224(F)|    0.913(F)|we_decoded_row_address_4_BUFGP|   0.000|
--------------+------------+------------+------------------------------+--------+

Setup/Hold to clock we_decoded_row_address<5>
--------------+------------+------------+------------------------------+--------+
              |Max Setup to|Max Hold to |                              | Clock  |
Source        | clk (edge) | clk (edge) |Internal Clock(s)             | Phase  |
--------------+------------+------------+------------------------------+--------+
search_word<0>|    1.311(F)|    0.044(F)|we_decoded_row_address_5_BUFGP|   0.000|
search_word<1>|    1.610(F)|   -0.195(F)|we_decoded_row_address_5_BUFGP|   0.000|
search_word<2>|    0.694(F)|    0.538(F)|we_decoded_row_address_5_BUFGP|   0.000|
search_word<3>|    0.479(F)|    0.710(F)|we_decoded_row_address_5_BUFGP|   0.000|
search_word<4>|    1.212(F)|    0.122(F)|we_decoded_row_address_5_BUFGP|   0.000|
search_word<5>|    0.558(F)|    0.646(F)|we_decoded_row_address_5_BUFGP|   0.000|
search_word<6>|    0.461(F)|    0.724(F)|we_decoded_row_address_5_BUFGP|   0.000|
search_word<7>|    0.969(F)|    0.317(F)|we_decoded_row_address_5_BUFGP|   0.000|
--------------+------------+------------+------------------------------+--------+

Setup/Hold to clock we_decoded_row_address<6>
--------------+------------+------------+------------------------------+--------+
              |Max Setup to|Max Hold to |                              | Clock  |
Source        | clk (edge) | clk (edge) |Internal Clock(s)             | Phase  |
--------------+------------+------------+------------------------------+--------+
search_word<0>|    1.062(F)|    0.243(F)|we_decoded_row_address_6_BUFGP|   0.000|
search_word<1>|    1.173(F)|    0.154(F)|we_decoded_row_address_6_BUFGP|   0.000|
search_word<2>|    0.948(F)|    0.334(F)|we_decoded_row_address_6_BUFGP|   0.000|
search_word<3>|    0.773(F)|    0.474(F)|we_decoded_row_address_6_BUFGP|   0.000|
search_word<4>|    1.172(F)|    0.154(F)|we_decoded_row_address_6_BUFGP|   0.000|
search_word<5>|    0.798(F)|    0.454(F)|we_decoded_row_address_6_BUFGP|   0.000|
search_word<6>|    0.792(F)|    0.460(F)|we_decoded_row_address_6_BUFGP|   0.000|
search_word<7>|    0.969(F)|    0.317(F)|we_decoded_row_address_6_BUFGP|   0.000|
--------------+------------+------------+------------------------------+--------+

Setup/Hold to clock we_decoded_row_address<7>
--------------+------------+------------+------------------------------+--------+
              |Max Setup to|Max Hold to |                              | Clock  |
Source        | clk (edge) | clk (edge) |Internal Clock(s)             | Phase  |
--------------+------------+------------+------------------------------+--------+
search_word<0>|    0.800(F)|    0.452(F)|we_decoded_row_address_7_BUFGP|   0.000|
search_word<1>|    0.902(F)|    0.371(F)|we_decoded_row_address_7_BUFGP|   0.000|
search_word<2>|    0.775(F)|    0.473(F)|we_decoded_row_address_7_BUFGP|   0.000|
search_word<3>|    0.694(F)|    0.537(F)|we_decoded_row_address_7_BUFGP|   0.000|
search_word<4>|    0.684(F)|    0.544(F)|we_decoded_row_address_7_BUFGP|   0.000|
search_word<5>|    0.523(F)|    0.674(F)|we_decoded_row_address_7_BUFGP|   0.000|
search_word<6>|    0.782(F)|    0.466(F)|we_decoded_row_address_7_BUFGP|   0.000|
search_word<7>|    1.294(F)|    0.056(F)|we_decoded_row_address_7_BUFGP|   0.000|
--------------+------------+------------+------------------------------+--------+

Clock we_decoded_row_address<0> to Pad
------------------------+------------+------------------------------+--------+
                        | clk (edge) |                              | Clock  |
Destination             |   to PAD   |Internal Clock(s)             | Phase  |
------------------------+------------+------------------------------+--------+
decoded_match_address<0>|    9.448(F)|we_decoded_row_address_0_BUFGP|   0.000|
------------------------+------------+------------------------------+--------+

Clock we_decoded_row_address<1> to Pad
------------------------+------------+------------------------------+--------+
                        | clk (edge) |                              | Clock  |
Destination             |   to PAD   |Internal Clock(s)             | Phase  |
------------------------+------------+------------------------------+--------+
decoded_match_address<1>|    9.356(F)|we_decoded_row_address_1_BUFGP|   0.000|
------------------------+------------+------------------------------+--------+

Clock we_decoded_row_address<2> to Pad
------------------------+------------+------------------------------+--------+
                        | clk (edge) |                              | Clock  |
Destination             |   to PAD   |Internal Clock(s)             | Phase  |
------------------------+------------+------------------------------+--------+
decoded_match_address<2>|    9.335(F)|we_decoded_row_address_2_BUFGP|   0.000|
------------------------+------------+------------------------------+--------+

Clock we_decoded_row_address<3> to Pad
------------------------+------------+------------------------------+--------+
                        | clk (edge) |                              | Clock  |
Destination             |   to PAD   |Internal Clock(s)             | Phase  |
------------------------+------------+------------------------------+--------+
decoded_match_address<3>|    9.493(F)|we_decoded_row_address_3_BUFGP|   0.000|
------------------------+------------+------------------------------+--------+

Clock we_decoded_row_address<4> to Pad
------------------------+------------+------------------------------+--------+
                        | clk (edge) |                              | Clock  |
Destination             |   to PAD   |Internal Clock(s)             | Phase  |
------------------------+------------+------------------------------+--------+
decoded_match_address<4>|    9.806(F)|we_decoded_row_address_4_BUFGP|   0.000|
------------------------+------------+------------------------------+--------+

Clock we_decoded_row_address<5> to Pad
------------------------+------------+------------------------------+--------+
                        | clk (edge) |                              | Clock  |
Destination             |   to PAD   |Internal Clock(s)             | Phase  |
------------------------+------------+------------------------------+--------+
decoded_match_address<5>|    9.630(F)|we_decoded_row_address_5_BUFGP|   0.000|
------------------------+------------+------------------------------+--------+

Clock we_decoded_row_address<6> to Pad
------------------------+------------+------------------------------+--------+
                        | clk (edge) |                              | Clock  |
Destination             |   to PAD   |Internal Clock(s)             | Phase  |
------------------------+------------+------------------------------+--------+
decoded_match_address<6>|    9.547(F)|we_decoded_row_address_6_BUFGP|   0.000|
------------------------+------------+------------------------------+--------+

Clock we_decoded_row_address<7> to Pad
------------------------+------------+------------------------------+--------+
                        | clk (edge) |                              | Clock  |
Destination             |   to PAD   |Internal Clock(s)             | Phase  |
------------------------+------------+------------------------------+--------+
decoded_match_address<7>|    9.217(F)|we_decoded_row_address_7_BUFGP|   0.000|
------------------------+------------+------------------------------+--------+

Pad to Pad
---------------+------------------------+---------+
Source Pad     |Destination Pad         |  Delay  |
---------------+------------------------+---------+
search_word<0> |decoded_match_address<0>|    7.987|
search_word<0> |decoded_match_address<1>|    8.287|
search_word<0> |decoded_match_address<2>|    7.772|
search_word<0> |decoded_match_address<3>|    8.063|
search_word<0> |decoded_match_address<4>|    8.429|
search_word<0> |decoded_match_address<5>|    8.799|
search_word<0> |decoded_match_address<6>|    8.319|
search_word<0> |decoded_match_address<7>|    8.375|
search_word<1> |decoded_match_address<0>|    8.060|
search_word<1> |decoded_match_address<1>|    7.722|
search_word<1> |decoded_match_address<2>|    7.352|
search_word<1> |decoded_match_address<3>|    7.934|
search_word<1> |decoded_match_address<4>|    8.510|
search_word<1> |decoded_match_address<5>|    7.970|
search_word<1> |decoded_match_address<6>|    8.155|
search_word<1> |decoded_match_address<7>|    8.197|
search_word<2> |decoded_match_address<0>|    7.835|
search_word<2> |decoded_match_address<1>|    7.653|
search_word<2> |decoded_match_address<2>|    7.253|
search_word<2> |decoded_match_address<3>|    7.190|
search_word<2> |decoded_match_address<4>|    7.867|
search_word<2> |decoded_match_address<5>|    7.936|
search_word<2> |decoded_match_address<6>|    8.127|
search_word<2> |decoded_match_address<7>|    8.089|
search_word<3> |decoded_match_address<0>|    7.094|
search_word<3> |decoded_match_address<1>|    7.988|
search_word<3> |decoded_match_address<2>|    7.830|
search_word<3> |decoded_match_address<3>|    7.340|
search_word<3> |decoded_match_address<4>|    8.012|
search_word<3> |decoded_match_address<5>|    7.819|
search_word<3> |decoded_match_address<6>|    8.467|
search_word<3> |decoded_match_address<7>|    7.356|
search_word<4> |decoded_match_address<0>|    6.752|
search_word<4> |decoded_match_address<1>|    7.801|
search_word<4> |decoded_match_address<2>|    7.206|
search_word<4> |decoded_match_address<3>|    7.705|
search_word<4> |decoded_match_address<4>|    8.622|
search_word<4> |decoded_match_address<5>|    7.729|
search_word<4> |decoded_match_address<6>|    7.721|
search_word<4> |decoded_match_address<7>|    6.846|
search_word<5> |decoded_match_address<0>|    8.119|
search_word<5> |decoded_match_address<1>|    8.118|
search_word<5> |decoded_match_address<2>|    7.311|
search_word<5> |decoded_match_address<3>|    7.574|
search_word<5> |decoded_match_address<4>|    7.574|
search_word<5> |decoded_match_address<5>|    7.040|
search_word<5> |decoded_match_address<6>|    7.738|
search_word<5> |decoded_match_address<7>|    7.357|
search_word<6> |decoded_match_address<0>|    8.648|
search_word<6> |decoded_match_address<1>|    8.654|
search_word<6> |decoded_match_address<2>|    7.981|
search_word<6> |decoded_match_address<3>|    7.912|
search_word<6> |decoded_match_address<4>|    7.463|
search_word<6> |decoded_match_address<5>|    7.505|
search_word<6> |decoded_match_address<6>|    7.532|
search_word<6> |decoded_match_address<7>|    7.869|
search_word<7> |decoded_match_address<0>|    7.569|
search_word<7> |decoded_match_address<1>|    8.058|
search_word<7> |decoded_match_address<2>|    7.469|
search_word<7> |decoded_match_address<3>|    8.061|
search_word<7> |decoded_match_address<4>|    7.199|
search_word<7> |decoded_match_address<5>|    7.150|
search_word<7> |decoded_match_address<6>|    7.155|
search_word<7> |decoded_match_address<7>|    7.449|
---------------+------------------------+---------+


Analysis completed Mon Jun 03 21:50:15 2019 
--------------------------------------------------------------------------------

Trace Settings:
-------------------------
Trace Settings 

Peak Memory Usage: 176 MB



