Command line:
   CAM_Wrapper_isim_beh.exe
     -simmode  gui
     -simrunnum  0
     -socket  51240

Mon May 27 02:25:48 2019


 Elaboration Time: 0.03125 sec

 Current Memory Usage: 845.861 Meg

 Total Signals          : 465
 Total Nets             : 119
 Total Signal Drivers   : 85
 Total Blocks           : 75
 Total Primitive Blocks : 65
 Total Processes        : 214
 Total Traceable Variables  : 163
 Total Scalar Nets and Variables : 744
Total Line Count : 350

 Total Simulation Time: 0.046875 sec

 Current Memory Usage: 845.861 Meg

Mon May 27 02:25:57 2019

